 command line:
   ./EightBitAdder_tb_vhd_isim_beh.exe
     -intstyle  ise
     -ipchost  localhost
     -ipcport  2845

Wed Jan 05 13:38:16 2011

Total Line Count : 165

 Elaboration time : 0 sec.

 Estimate current memory usage : 117.666 Meg. 

 Total Signals          : 57
 Total Nets             : 61
 Total Signal Drivers   : 24
 Total Blocks           : 14
 Total Primitive Blocks : 8
 Total Processes        : 25
 Total Traceable Variables  : 0
 Total Scalar Nets and Variables : 61
ntrace select -o on -n /EightBitAdder_tb_vhd/clk_tb 
ntrace select -o on -n /EightBitAdder_tb_vhd/a_tb 
ntrace select -o on -n /EightBitAdder_tb_vhd/b_tb 
ntrace select -o on -n /EightBitAdder_tb_vhd/ci_tb 
ntrace select -o on -n /EightBitAdder_tb_vhd/s_tb 
ntrace select -o on -n /EightBitAdder_tb_vhd/co_tb 
ntrace select -o on -n /EightBitAdder_tb_vhd/y_tb 
ntrace select -o on -n /EightBitAdder_tb_vhd/y_exp 
ntrace start 
run 1000 ns 
Simulator is doing circuit initialization process.
Finished circuit initialization process.
restart
run 300 ns 
Simulator is doing circuit initialization process.
Finished circuit initialization process.

 Simulation time 0.078125 sec.

 Estimate current memory usage : 123.957 Meg. 

Wed Jan 05 13:43:04 2011

